# JRE version: Java(TM) SE Runtime Environment (8.0_74-b02) (build 1.8.0_74-b02)
# Java VM: Java HotSpot(TM) 64-Bit Server VM (25.74-b02 mixed mode linux-amd64 compressed oops)
Heap:
 PSYoungGen      total 72192K, used 4779K [0x00000000ebf80000, 0x00000000f0e80000, 0x0000000100000000)
  eden space 63488K, 0% used [0x00000000ebf80000,0x00000000ebf80000,0x00000000efd80000)
  from space 8704K, 54% used [0x00000000efd80000,0x00000000f022ae10,0x00000000f0600000)
  to   space 8192K, 0% used [0x00000000f0680000,0x00000000f0680000,0x00000000f0e80000)
 ParOldGen       total 41984K, used 10807K [0x00000000c3e00000, 0x00000000c6700000, 0x00000000ebf80000)
  object space 41984K, 25% used [0x00000000c3e00000,0x00000000c488dfb8,0x00000000c6700000)
 Metaspace       used 22992K, capacity 23350K, committed 23472K, reserved 1069056K
  class space    used 2924K, capacity 3016K, committed 3072K, reserved 1048576K
GC Heap History (10 events):
Event: 1.807 GC heap after
Heap after GC invocations=3 (full 0):
 PSYoungGen      total 18432K, used 2538K [0x00000000ebf80000, 0x00000000ee380000, 0x0000000100000000)
  eden space 15872K, 0% used [0x00000000ebf80000,0x00000000ebf80000,0x00000000ecf00000)
  from space 2560K, 99% used [0x00000000ecf00000,0x00000000ed17aae8,0x00000000ed180000)
  to   space 2560K, 0% used [0x00000000ee100000,0x00000000ee100000,0x00000000ee380000)
 ParOldGen       total 42496K, used 4126K [0x00000000c3e00000, 0x00000000c6780000, 0x00000000ebf80000)
  object space 42496K, 9% used [0x00000000c3e00000,0x00000000c4207858,0x00000000c6780000)
 Metaspace       used 12510K, capacity 12784K, committed 12928K, reserved 1060864K
  class space    used 1580K, capacity 1656K, committed 1664K, reserved 1048576K
}
Event: 2.014 GC heap before
{Heap before GC invocations=4 (full 0):
 PSYoungGen      total 18432K, used 18410K [0x00000000ebf80000, 0x00000000ee380000, 0x0000000100000000)
  eden space 15872K, 100% used [0x00000000ebf80000,0x00000000ecf00000,0x00000000ecf00000)
  from space 2560K, 99% used [0x00000000ecf00000,0x00000000ed17aae8,0x00000000ed180000)
  to   space 2560K, 0% used [0x00000000ee100000,0x00000000ee100000,0x00000000ee380000)
 ParOldGen       total 42496K, used 4135K [0x00000000c3e00000, 0x00000000c6780000, 0x00000000ebf80000)
  object space 42496K, 9% used [0x00000000c3e00000,0x00000000c4209da0,0x00000000c6780000)
 Metaspace       used 14816K, capacity 15088K, committed 15360K, reserved 1062912K
  class space    used 1889K, capacity 1976K, committed 2048K, reserved 1048576K
Event: 2.033 GC heap after
Heap after GC invocations=4 (full 0):
 PSYoungGen      total 34304K, used 2554K [0x00000000ebf80000, 0x00000000ee380000, 0x0000000100000000)
  eden space 31744K, 0% used [0x00000000ebf80000,0x00000000ebf80000,0x00000000ede80000)
  from space 2560K, 99% used [0x00000000ee100000,0x00000000ee37eaf8,0x00000000ee380000)
  to   space 2560K, 0% used [0x00000000ede80000,0x00000000ede80000,0x00000000ee100000)
 ParOldGen       total 42496K, used 9366K [0x00000000c3e00000, 0x00000000c6780000, 0x00000000ebf80000)
  object space 42496K, 22% used [0x00000000c3e00000,0x00000000c4725ad0,0x00000000c6780000)
 Metaspace       used 14816K, capacity 15088K, committed 15360K, reserved 1062912K
  class space    used 1889K, capacity 1976K, committed 2048K, reserved 1048576K
}
Event: 2.749 GC heap before
{Heap before GC invocations=5 (full 0):
 PSYoungGen      total 34304K, used 34286K [0x00000000ebf80000, 0x00000000ee380000, 0x0000000100000000)
  eden space 31744K, 99% used [0x00000000ebf80000,0x00000000ede7ce28,0x00000000ede80000)
  from space 2560K, 99% used [0x00000000ee100000,0x00000000ee37eaf8,0x00000000ee380000)
  to   space 2560K, 0% used [0x00000000ede80000,0x00000000ede80000,0x00000000ee100000)
 ParOldGen       total 42496K, used 9366K [0x00000000c3e00000, 0x00000000c6780000, 0x00000000ebf80000)
  object space 42496K, 22% used [0x00000000c3e00000,0x00000000c4725ad0,0x00000000c6780000)
 Metaspace       used 19292K, capacity 19658K, committed 19968K, reserved 1067008K
  class space    used 2360K, capacity 2478K, committed 2560K, reserved 1048576K
Event: 2.791 GC heap after
Heap after GC invocations=5 (full 0):
 PSYoungGen      total 34304K, used 2554K [0x00000000ebf80000, 0x00000000f0f80000, 0x0000000100000000)
  eden space 31744K, 0% used [0x00000000ebf80000,0x00000000ebf80000,0x00000000ede80000)
  from space 2560K, 99% used [0x00000000ede80000,0x00000000ee0feb18,0x00000000ee100000)
  to   space 9216K, 0% used [0x00000000f0680000,0x00000000f0680000,0x00000000f0f80000)
 ParOldGen       total 42496K, used 14096K [0x00000000c3e00000, 0x00000000c6780000, 0x00000000ebf80000)
  object space 42496K, 33% used [0x00000000c3e00000,0x00000000c4bc41d0,0x00000000c6780000)
 Metaspace       used 19292K, capacity 19658K, committed 19968K, reserved 1067008K
  class space    used 2360K, capacity 2478K, committed 2560K, reserved 1048576K
}
Event: 3.622 GC heap before
{Heap before GC invocations=6 (full 0):
 PSYoungGen      total 34304K, used 24498K [0x00000000ebf80000, 0x00000000f0f80000, 0x0000000100000000)
  eden space 31744K, 69% used [0x00000000ebf80000,0x00000000ed4edda0,0x00000000ede80000)
  from space 2560K, 99% used [0x00000000ede80000,0x00000000ee0feb18,0x00000000ee100000)
  to   space 9216K, 0% used [0x00000000f0680000,0x00000000f0680000,0x00000000f0f80000)
 ParOldGen       total 42496K, used 14096K [0x00000000c3e00000, 0x00000000c6780000, 0x00000000ebf80000)
  object space 42496K, 33% used [0x00000000c3e00000,0x00000000c4bc41d0,0x00000000c6780000)
 Metaspace       used 20824K, capacity 21158K, committed 21296K, reserved 1069056K
  class space    used 2567K, capacity 2656K, committed 2688K, reserved 1048576K
Event: 3.671 GC heap after
Heap after GC invocations=6 (full 0):
 PSYoungGen      total 71680K, used 4303K [0x00000000ebf80000, 0x00000000f0e80000, 0x0000000100000000)
  eden space 63488K, 0% used [0x00000000ebf80000,0x00000000ebf80000,0x00000000efd80000)
  from space 8192K, 52% used [0x00000000f0680000,0x00000000f0ab3d38,0x00000000f0e80000)
  to   space 8704K, 0% used [0x00000000efd80000,0x00000000efd80000,0x00000000f0600000)
 ParOldGen       total 42496K, used 14096K [0x00000000c3e00000, 0x00000000c6780000, 0x00000000ebf80000)
  object space 42496K, 33% used [0x00000000c3e00000,0x00000000c4bc41d0,0x00000000c6780000)
 Metaspace       used 20824K, capacity 21158K, committed 21296K, reserved 1069056K
  class space    used 2567K, capacity 2656K, committed 2688K, reserved 1048576K
}
Event: 3.672 GC heap before
{Heap before GC invocations=7 (full 1):
 PSYoungGen      total 71680K, used 4303K [0x00000000ebf80000, 0x00000000f0e80000, 0x0000000100000000)
  eden space 63488K, 0% used [0x00000000ebf80000,0x00000000ebf80000,0x00000000efd80000)
  from space 8192K, 52% used [0x00000000f0680000,0x00000000f0ab3d38,0x00000000f0e80000)
  to   space 8704K, 0% used [0x00000000efd80000,0x00000000efd80000,0x00000000f0600000)
 ParOldGen       total 42496K, used 14096K [0x00000000c3e00000, 0x00000000c6780000, 0x00000000ebf80000)
  object space 42496K, 33% used [0x00000000c3e00000,0x00000000c4bc41d0,0x00000000c6780000)
 Metaspace       used 20824K, capacity 21158K, committed 21296K, reserved 1069056K
  class space    used 2567K, capacity 2656K, committed 2688K, reserved 1048576K
Event: 3.892 GC heap after
Heap after GC invocations=7 (full 1):
 PSYoungGen      total 71680K, used 0K [0x00000000ebf80000, 0x00000000f0e80000, 0x0000000100000000)
  eden space 63488K, 0% used [0x00000000ebf80000,0x00000000ebf80000,0x00000000efd80000)
  from space 8192K, 0% used [0x00000000f0680000,0x00000000f0680000,0x00000000f0e80000)
  to   space 8704K, 0% used [0x00000000efd80000,0x00000000efd80000,0x00000000f0600000)
 ParOldGen       total 41984K, used 10799K [0x00000000c3e00000, 0x00000000c6700000, 0x00000000ebf80000)
  object space 41984K, 25% used [0x00000000c3e00000,0x00000000c488bfb8,0x00000000c6700000)
 Metaspace       used 20824K, capacity 21158K, committed 21296K, reserved 1069056K
  class space    used 2567K, capacity 2656K, committed 2688K, reserved 1048576K
}
Event: 11.637 GC heap before
{Heap before GC invocations=8 (full 1):
 PSYoungGen      total 71680K, used 63488K [0x00000000ebf80000, 0x00000000f0e80000, 0x0000000100000000)
  eden space 63488K, 100% used [0x00000000ebf80000,0x00000000efd80000,0x00000000efd80000)
  from space 8192K, 0% used [0x00000000f0680000,0x00000000f0680000,0x00000000f0e80000)
  to   space 8704K, 0% used [0x00000000efd80000,0x00000000efd80000,0x00000000f0600000)
 ParOldGen       total 41984K, used 10799K [0x00000000c3e00000, 0x00000000c6700000, 0x00000000ebf80000)
  object space 41984K, 25% used [0x00000000c3e00000,0x00000000c488bfb8,0x00000000c6700000)
 Metaspace       used 22992K, capacity 23350K, committed 23472K, reserved 1069056K
  class space    used 2924K, capacity 3016K, committed 3072K, reserved 1048576K

